;;; 
Export: Release 21.0.0.0.0 - Production on Sáb Nov 12 22:45:51 2022
Version 21.3.0.0.0

Copyright (c) 1982, 2021, Oracle and/or its affiliates.  All rights reserved.
;;; 
Conectado a: Oracle Database 21c Express Edition Release 21.0.0.0.0 - Production
Iniciando "SYSTEM"."SYS_EXPORT_SCHEMA_01":  SYSTEM/********@XE SCHEMAS=CONDOMINIOS DIRECTORY=RESPALDO DUMPFILE=CONDOMINIOS.DMP LOGFILE=CONDOMINIOS.LOG 
Procesando el tipo de objeto SCHEMA_EXPORT/TABLE/TABLE_DATA
Procesando el tipo de objeto SCHEMA_EXPORT/TABLE/INDEX/STATISTICS/INDEX_STATISTICS
Procesando el tipo de objeto SCHEMA_EXPORT/TABLE/STATISTICS/TABLE_STATISTICS
Procesando el tipo de objeto SCHEMA_EXPORT/STATISTICS/MARKER
Procesando el tipo de objeto SCHEMA_EXPORT/DEFAULT_ROLE
Procesando el tipo de objeto SCHEMA_EXPORT/PRE_SCHEMA/PROCACT_SCHEMA
Procesando el tipo de objeto SCHEMA_EXPORT/SEQUENCE/SEQUENCE
Procesando el tipo de objeto SCHEMA_EXPORT/TABLE/TABLE
Procesando el tipo de objeto SCHEMA_EXPORT/PROCEDURE/PROCEDURE
Procesando el tipo de objeto SCHEMA_EXPORT/PROCEDURE/ALTER_PROCEDURE
Procesando el tipo de objeto SCHEMA_EXPORT/TABLE/CONSTRAINT/CONSTRAINT
Procesando el tipo de objeto SCHEMA_EXPORT/TABLE/CONSTRAINT/REF_CONSTRAINT
Procesando el tipo de objeto SCHEMA_EXPORT/TABLE/TRIGGER
. . "CONDOMINIOS"."TIPOS"                       5.570 KB       2 filas exportadas
. . "CONDOMINIOS"."ACCESOS"                         0 KB       0 filas exportadas
. . "CONDOMINIOS"."CUOTAS"                          0 KB       0 filas exportadas
. . "CONDOMINIOS"."DUENOS"                          0 KB       0 filas exportadas
. . "CONDOMINIOS"."FILIALES"                        0 KB       0 filas exportadas
. . "CONDOMINIOS"."HISTORIAL"                       0 KB       0 filas exportadas
. . "CONDOMINIOS"."PERSONA"                         0 KB       0 filas exportadas
La tabla maestra "SYSTEM"."SYS_EXPORT_SCHEMA_01" se ha cargado/descargado correctamente
******************************************************************************
El juego de archivos de volcado para SYSTEM.SYS_EXPORT_SCHEMA_01 es:
  C:\XAMPP\HTDOCS\ADMIN-DB-BACKEND\PUBLIC\RESPALDOS\CONDOMINIOS.DMP
El trabajo "SYSTEM"."SYS_EXPORT_SCHEMA_01" ha terminado correctamente en Sáb Nov 12 22:47:05 2022 elapsed 0 00:01:07
